# JRE version: OpenJDK Runtime Environment (Zulu 8.60.0.21-CA-win64) (8.0_322-b06) (build 1.8.0_322-b06)
# Java VM: OpenJDK 64-Bit Server VM (25.322-b06 mixed mode windows-amd64 )
Heap:
 par new generation   total 664640K, used 51544K [0x0000000080000000, 0x00000000ad120000, 0x00000000e8000000)
  eden space 590848K,   8% used [0x0000000080000000, 0x0000000083256068, 0x00000000a4100000)
  from space 73792K,   0% used [0x00000000a4100000, 0x00000000a4100000, 0x00000000a8910000)
  to   space 73792K,   0% used [0x00000000a8910000, 0x00000000a8910000, 0x00000000ad120000)
 concurrent mark-sweep generation total 2803800K, used 2461658K [0x00000000e8000000, 0x0000000193216000, 0x0000001878200000)
 Metaspace       used 50271K, capacity 51115K, committed 51460K, reserved 53248K
GC Heap History (10 events):
Event: 7310.816 GC heap before
{Heap before GC invocations=23 (full 4):
 par new generation   total 664640K, used 590943K [0x0000000080000000, 0x00000000ad120000, 0x00000000e8000000)
  eden space 590848K, 100% used [0x0000000080000000, 0x00000000a4100000, 0x00000000a4100000)
  from space 73792K,   0% used [0x00000000a8910000, 0x00000000a8927cb0, 0x00000000ad120000)
  to   space 73792K,   0% used [0x00000000a4100000, 0x00000000a4100000, 0x00000000a8910000)
 concurrent mark-sweep generation total 2803800K, used 1661567K [0x00000000e8000000, 0x0000000193216000, 0x0000001878200000)
 Metaspace       used 50249K, capacity 51152K, committed 51204K, reserved 53248K
Event: 7310.817 GC heap after
Heap after GC invocations=24 (full 4):
 par new generation   total 664640K, used 78K [0x0000000080000000, 0x00000000ad120000, 0x00000000e8000000)
  eden space 590848K,   0% used [0x0000000080000000, 0x0000000080000000, 0x00000000a4100000)
  from space 73792K,   0% used [0x00000000a4100000, 0x00000000a4113aa8, 0x00000000a8910000)
  to   space 73792K,   0% used [0x00000000a8910000, 0x00000000a8910000, 0x00000000ad120000)
 concurrent mark-sweep generation total 2803800K, used 1661568K [0x00000000e8000000, 0x0000000193216000, 0x0000001878200000)
 Metaspace       used 50249K, capacity 51152K, committed 51204K, reserved 53248K
}
Event: 7618.437 GC heap before
{Heap before GC invocations=24 (full 4):
 par new generation   total 664640K, used 590926K [0x0000000080000000, 0x00000000ad120000, 0x00000000e8000000)
  eden space 590848K, 100% used [0x0000000080000000, 0x00000000a4100000, 0x00000000a4100000)
  from space 73792K,   0% used [0x00000000a4100000, 0x00000000a4113aa8, 0x00000000a8910000)
  to   space 73792K,   0% used [0x00000000a8910000, 0x00000000a8910000, 0x00000000ad120000)
 concurrent mark-sweep generation total 2803800K, used 1661568K [0x00000000e8000000, 0x0000000193216000, 0x0000001878200000)
 Metaspace       used 50265K, capacity 51216K, committed 51460K, reserved 53248K
Event: 7618.438 GC heap after
Heap after GC invocations=25 (full 4):
 par new generation   total 664640K, used 98K [0x0000000080000000, 0x00000000ad120000, 0x00000000e8000000)
  eden space 590848K,   0% used [0x0000000080000000, 0x0000000080000000, 0x00000000a4100000)
  from space 73792K,   0% used [0x00000000a8910000, 0x00000000a8928850, 0x00000000ad120000)
  to   space 73792K,   0% used [0x00000000a4100000, 0x00000000a4100000, 0x00000000a8910000)
 concurrent mark-sweep generation total 2803800K, used 1661572K [0x00000000e8000000, 0x0000000193216000, 0x0000001878200000)
 Metaspace       used 50265K, capacity 51216K, committed 51460K, reserved 53248K
}
Event: 7677.403 GC heap before
{Heap before GC invocations=25 (full 4):
 par new generation   total 664640K, used 105704K [0x0000000080000000, 0x00000000ad120000, 0x00000000e8000000)
  eden space 590848K,  17% used [0x0000000080000000, 0x0000000086721900, 0x00000000a4100000)
  from space 73792K,   0% used [0x00000000a8910000, 0x00000000a8928850, 0x00000000ad120000)
  to   space 73792K,   0% used [0x00000000a4100000, 0x00000000a4100000, 0x00000000a8910000)
 concurrent mark-sweep generation total 2803800K, used 2467581K [0x00000000e8000000, 0x0000000193216000, 0x0000001878200000)
 Metaspace       used 50340K, capacity 51280K, committed 51460K, reserved 53248K
Event: 7680.794 GC heap after
Heap after GC invocations=26 (full 5):
 par new generation   total 664640K, used 0K [0x0000000080000000, 0x00000000ad120000, 0x00000000e8000000)
  eden space 590848K,   0% used [0x0000000080000000, 0x0000000080000000, 0x00000000a4100000)
  from space 73792K,   0% used [0x00000000a4100000, 0x00000000a4100000, 0x00000000a8910000)
  to   space 73792K,   0% used [0x00000000a8910000, 0x00000000a8910000, 0x00000000ad120000)
 concurrent mark-sweep generation total 2803800K, used 2467166K [0x00000000e8000000, 0x0000000193216000, 0x0000001878200000)
 Metaspace       used 50340K, capacity 51280K, committed 51460K, reserved 53248K
}
Event: 7680.794 GC heap before
{Heap before GC invocations=26 (full 5):
 par new generation   total 664640K, used 0K [0x0000000080000000, 0x00000000ad120000, 0x00000000e8000000)
  eden space 590848K,   0% used [0x0000000080000000, 0x0000000080000000, 0x00000000a4100000)
  from space 73792K,   0% used [0x00000000a4100000, 0x00000000a4100000, 0x00000000a8910000)
  to   space 73792K,   0% used [0x00000000a8910000, 0x00000000a8910000, 0x00000000ad120000)
 concurrent mark-sweep generation total 2803800K, used 2467166K [0x00000000e8000000, 0x0000000193216000, 0x0000001878200000)
 Metaspace       used 50340K, capacity 51280K, committed 51460K, reserved 53248K
Event: 7680.991 GC heap after
Heap after GC invocations=27 (full 6):
 par new generation   total 664640K, used 0K [0x0000000080000000, 0x00000000ad120000, 0x00000000e8000000)
  eden space 590848K,   0% used [0x0000000080000000, 0x0000000080000000, 0x00000000a4100000)
  from space 73792K,   0% used [0x00000000a4100000, 0x00000000a4100000, 0x00000000a8910000)
  to   space 73792K,   0% used [0x00000000a8910000, 0x00000000a8910000, 0x00000000ad120000)
 concurrent mark-sweep generation total 2803800K, used 2461705K [0x00000000e8000000, 0x0000000193216000, 0x0000001878200000)
 Metaspace       used 50248K, capacity 51115K, committed 51460K, reserved 53248K
}
Event: 7680.995 GC heap before
{Heap before GC invocations=27 (full 7):
 par new generation   total 664640K, used 11805K [0x0000000080000000, 0x00000000ad120000, 0x00000000e8000000)
  eden space 590848K,   1% used [0x0000000080000000, 0x0000000080b87548, 0x00000000a4100000)
  from space 73792K,   0% used [0x00000000a4100000, 0x00000000a4100000, 0x00000000a8910000)
  to   space 73792K,   0% used [0x00000000a8910000, 0x00000000a8910000, 0x00000000ad120000)
 concurrent mark-sweep generation total 2803800K, used 2461705K [0x00000000e8000000, 0x0000000193216000, 0x0000001878200000)
 Metaspace       used 50258K, capacity 51115K, committed 51460K, reserved 53248K
Event: 7681.219 GC heap after
Heap after GC invocations=28 (full 8):
 par new generation   total 664640K, used 0K [0x0000000080000000, 0x00000000ad120000, 0x00000000e8000000)
  eden space 590848K,   0% used [0x0000000080000000, 0x0000000080000000, 0x00000000a4100000)
  from space 73792K,   0% used [0x00000000a4100000, 0x00000000a4100000, 0x00000000a8910000)
  to   space 73792K,   0% used [0x00000000a8910000, 0x00000000a8910000, 0x00000000ad120000)
 concurrent mark-sweep generation total 2803800K, used 2461658K [0x00000000e8000000, 0x0000000193216000, 0x0000001878200000)
 Metaspace       used 50258K, capacity 51115K, committed 51460K, reserved 53248K
}

