# JRE version: OpenJDK Runtime Environment (Zulu 8.60.0.21-CA-win64) (8.0_322-b06) (build 1.8.0_322-b06)
# Java VM: OpenJDK 64-Bit Server VM (25.322-b06 mixed mode windows-amd64 )
Heap:
 par new generation   total 636800K, used 49560K [0x0000000080000000, 0x00000000ab2f0000, 0x00000000e8000000)
  eden space 566080K,   8% used [0x0000000080000000, 0x0000000083066240, 0x00000000a28d0000)
  from space 70720K,   0% used [0x00000000a6de0000, 0x00000000a6de0000, 0x00000000ab2f0000)
  to   space 70720K,   0% used [0x00000000a28d0000, 0x00000000a28d0000, 0x00000000a6de0000)
 concurrent mark-sweep generation total 2688240K, used 2363163K [0x00000000e8000000, 0x000000018c13c000, 0x0000001878200000)
 Metaspace       used 50330K, capacity 51179K, committed 51460K, reserved 53248K
GC Heap History (10 events):
Event: 7476.708 GC heap before
{Heap before GC invocations=28 (full 4):
 par new generation   total 636800K, used 566233K [0x0000000080000000, 0x00000000ab2f0000, 0x00000000e8000000)
  eden space 566080K, 100% used [0x0000000080000000, 0x00000000a28d0000, 0x00000000a28d0000)
  from space 70720K,   0% used [0x00000000a28d0000, 0x00000000a28f67e8, 0x00000000a6de0000)
  to   space 70720K,   0% used [0x00000000a6de0000, 0x00000000a6de0000, 0x00000000ab2f0000)
 concurrent mark-sweep generation total 2688240K, used 1598907K [0x00000000e8000000, 0x000000018c13c000, 0x0000001878200000)
 Metaspace       used 50325K, capacity 51216K, committed 51460K, reserved 53248K
Event: 7476.710 GC heap after
Heap after GC invocations=29 (full 4):
 par new generation   total 636800K, used 155K [0x0000000080000000, 0x00000000ab2f0000, 0x00000000e8000000)
  eden space 566080K,   0% used [0x0000000080000000, 0x0000000080000000, 0x00000000a28d0000)
  from space 70720K,   0% used [0x00000000a6de0000, 0x00000000a6e06e68, 0x00000000ab2f0000)
  to   space 70720K,   0% used [0x00000000a28d0000, 0x00000000a28d0000, 0x00000000a6de0000)
 concurrent mark-sweep generation total 2688240K, used 1598921K [0x00000000e8000000, 0x000000018c13c000, 0x0000001878200000)
 Metaspace       used 50325K, capacity 51216K, committed 51460K, reserved 53248K
}
Event: 7716.062 GC heap before
{Heap before GC invocations=29 (full 4):
 par new generation   total 636800K, used 566235K [0x0000000080000000, 0x00000000ab2f0000, 0x00000000e8000000)
  eden space 566080K, 100% used [0x0000000080000000, 0x00000000a28d0000, 0x00000000a28d0000)
  from space 70720K,   0% used [0x00000000a6de0000, 0x00000000a6e06e68, 0x00000000ab2f0000)
  to   space 70720K,   0% used [0x00000000a28d0000, 0x00000000a28d0000, 0x00000000a6de0000)
 concurrent mark-sweep generation total 2688240K, used 1598921K [0x00000000e8000000, 0x000000018c13c000, 0x0000001878200000)
 Metaspace       used 50325K, capacity 51216K, committed 51460K, reserved 53248K
Event: 7716.063 GC heap after
Heap after GC invocations=30 (full 4):
 par new generation   total 636800K, used 158K [0x0000000080000000, 0x00000000ab2f0000, 0x00000000e8000000)
  eden space 566080K,   0% used [0x0000000080000000, 0x0000000080000000, 0x00000000a28d0000)
  from space 70720K,   0% used [0x00000000a28d0000, 0x00000000a28f79f8, 0x00000000a6de0000)
  to   space 70720K,   0% used [0x00000000a6de0000, 0x00000000a6de0000, 0x00000000ab2f0000)
 concurrent mark-sweep generation total 2688240K, used 1598931K [0x00000000e8000000, 0x000000018c13c000, 0x0000001878200000)
 Metaspace       used 50325K, capacity 51216K, committed 51460K, reserved 53248K
}
Event: 7906.518 GC heap before
{Heap before GC invocations=30 (full 4):
 par new generation   total 636800K, used 380480K [0x0000000080000000, 0x00000000ab2f0000, 0x00000000e8000000)
  eden space 566080K,  67% used [0x0000000080000000, 0x0000000097368760, 0x00000000a28d0000)
  from space 70720K,   0% used [0x00000000a28d0000, 0x00000000a28f79f8, 0x00000000a6de0000)
  to   space 70720K,   0% used [0x00000000a6de0000, 0x00000000a6de0000, 0x00000000ab2f0000)
 concurrent mark-sweep generation total 2688240K, used 2369327K [0x00000000e8000000, 0x000000018c13c000, 0x0000001878200000)
 Metaspace       used 50400K, capacity 51344K, committed 51460K, reserved 53248K
Event: 7908.033 GC heap after
Heap after GC invocations=31 (full 5):
 par new generation   total 636800K, used 0K [0x0000000080000000, 0x00000000ab2f0000, 0x00000000e8000000)
  eden space 566080K,   0% used [0x0000000080000000, 0x0000000080000000, 0x00000000a28d0000)
  from space 70720K,   0% used [0x00000000a6de0000, 0x00000000a6de0000, 0x00000000ab2f0000)
  to   space 70720K,   0% used [0x00000000a28d0000, 0x00000000a28d0000, 0x00000000a6de0000)
 concurrent mark-sweep generation total 2688240K, used 2368678K [0x00000000e8000000, 0x000000018c13c000, 0x0000001878200000)
 Metaspace       used 50400K, capacity 51344K, committed 51460K, reserved 53248K
}
Event: 7908.033 GC heap before
{Heap before GC invocations=31 (full 5):
 par new generation   total 636800K, used 0K [0x0000000080000000, 0x00000000ab2f0000, 0x00000000e8000000)
  eden space 566080K,   0% used [0x0000000080000000, 0x0000000080000000, 0x00000000a28d0000)
  from space 70720K,   0% used [0x00000000a6de0000, 0x00000000a6de0000, 0x00000000ab2f0000)
  to   space 70720K,   0% used [0x00000000a28d0000, 0x00000000a28d0000, 0x00000000a6de0000)
 concurrent mark-sweep generation total 2688240K, used 2368678K [0x00000000e8000000, 0x000000018c13c000, 0x0000001878200000)
 Metaspace       used 50400K, capacity 51344K, committed 51460K, reserved 53248K
Event: 7908.244 GC heap after
Heap after GC invocations=32 (full 6):
 par new generation   total 636800K, used 0K [0x0000000080000000, 0x00000000ab2f0000, 0x00000000e8000000)
  eden space 566080K,   0% used [0x0000000080000000, 0x0000000080000000, 0x00000000a28d0000)
  from space 70720K,   0% used [0x00000000a6de0000, 0x00000000a6de0000, 0x00000000ab2f0000)
  to   space 70720K,   0% used [0x00000000a28d0000, 0x00000000a28d0000, 0x00000000a6de0000)
 concurrent mark-sweep generation total 2688240K, used 2363217K [0x00000000e8000000, 0x000000018c13c000, 0x0000001878200000)
 Metaspace       used 50308K, capacity 51179K, committed 51460K, reserved 53248K
}
Event: 7908.254 GC heap before
{Heap before GC invocations=32 (full 6):
 par new generation   total 636800K, used 11379K [0x0000000080000000, 0x00000000ab2f0000, 0x00000000e8000000)
  eden space 566080K,   2% used [0x0000000080000000, 0x0000000080b1ce98, 0x00000000a28d0000)
  from space 70720K,   0% used [0x00000000a6de0000, 0x00000000a6de0000, 0x00000000ab2f0000)
  to   space 70720K,   0% used [0x00000000a28d0000, 0x00000000a28d0000, 0x00000000a6de0000)
 concurrent mark-sweep generation total 2688240K, used 2363217K [0x00000000e8000000, 0x000000018c13c000, 0x0000001878200000)
 Metaspace       used 50317K, capacity 51179K, committed 51460K, reserved 53248K
Event: 7908.466 GC heap after
Heap after GC invocations=33 (full 7):
 par new generation   total 636800K, used 0K [0x0000000080000000, 0x00000000ab2f0000, 0x00000000e8000000)
  eden space 566080K,   0% used [0x0000000080000000, 0x0000000080000000, 0x00000000a28d0000)
  from space 70720K,   0% used [0x00000000a6de0000, 0x00000000a6de0000, 0x00000000ab2f0000)
  to   space 70720K,   0% used [0x00000000a28d0000, 0x00000000a28d0000, 0x00000000a6de0000)
 concurrent mark-sweep generation total 2688240K, used 2363170K [0x00000000e8000000, 0x000000018c13c000, 0x0000001878200000)
 Metaspace       used 50317K, capacity 51179K, committed 51460K, reserved 53248K
}

