# JRE version: OpenJDK Runtime Environment (Zulu 8.60.0.21-CA-win64) (8.0_322-b06) (build 1.8.0_322-b06)
# Java VM: OpenJDK 64-Bit Server VM (25.322-b06 mixed mode windows-amd64 )
Heap:
 par new generation   total 770112K, used 172506K [0x0000000080000000, 0x00000000b43a0000, 0x00000000e8000000)
  eden space 684544K,  25% used [0x0000000080000000, 0x000000008a876958, 0x00000000a9c80000)
  from space 85568K,   0% used [0x00000000af010000, 0x00000000af010000, 0x00000000b43a0000)
  to   space 85568K,   0% used [0x00000000a9c80000, 0x00000000a9c80000, 0x00000000af010000)
 concurrent mark-sweep generation total 3273832K, used 997208K [0x00000000e8000000, 0x00000001afd1a000, 0x0000001878200000)
 Metaspace       used 57319K, capacity 58756K, committed 58800K, reserved 61440K
GC Heap History (10 events):
Event: 725.661 GC heap before
{Heap before GC invocations=3 (full 3):
 par new generation   total 770112K, used 684544K [0x0000000080000000, 0x00000000b43a0000, 0x00000000e8000000)
  eden space 684544K, 100% used [0x0000000080000000, 0x00000000a9c80000, 0x00000000a9c80000)
  from space 85568K,   0% used [0x00000000a9c80000, 0x00000000a9c80000, 0x00000000af010000)
  to   space 85568K,   0% used [0x00000000af010000, 0x00000000af010000, 0x00000000b43a0000)
 concurrent mark-sweep generation total 3273832K, used 1964299K [0x00000000e8000000, 0x00000001afd1a000, 0x0000001878200000)
 Metaspace       used 53280K, capacity 54326K, committed 54448K, reserved 55296K
Event: 725.666 GC heap after
Heap after GC invocations=4 (full 3):
 par new generation   total 770112K, used 21952K [0x0000000080000000, 0x00000000b43a0000, 0x00000000e8000000)
  eden space 684544K,   0% used [0x0000000080000000, 0x0000000080000000, 0x00000000a9c80000)
  from space 85568K,  25% used [0x00000000af010000, 0x00000000b05803a8, 0x00000000b43a0000)
  to   space 85568K,   0% used [0x00000000a9c80000, 0x00000000a9c80000, 0x00000000af010000)
 concurrent mark-sweep generation total 3273832K, used 1964299K [0x00000000e8000000, 0x00000001afd1a000, 0x0000001878200000)
 Metaspace       used 53280K, capacity 54326K, committed 54448K, reserved 55296K
}
Event: 1322.842 GC heap before
{Heap before GC invocations=4 (full 4):
 par new generation   total 770112K, used 706496K [0x0000000080000000, 0x00000000b43a0000, 0x00000000e8000000)
  eden space 684544K, 100% used [0x0000000080000000, 0x00000000a9c80000, 0x00000000a9c80000)
  from space 85568K,  25% used [0x00000000af010000, 0x00000000b05803a8, 0x00000000b43a0000)
  to   space 85568K,   0% used [0x00000000a9c80000, 0x00000000a9c80000, 0x00000000af010000)
 concurrent mark-sweep generation total 3273832K, used 1926543K [0x00000000e8000000, 0x00000001afd1a000, 0x0000001878200000)
 Metaspace       used 53289K, capacity 54326K, committed 54448K, reserved 55296K
Event: 1322.845 GC heap after
Heap after GC invocations=5 (full 4):
 par new generation   total 770112K, used 27372K [0x0000000080000000, 0x00000000b43a0000, 0x00000000e8000000)
  eden space 684544K,   0% used [0x0000000080000000, 0x0000000080000000, 0x00000000a9c80000)
  from space 85568K,  31% used [0x00000000a9c80000, 0x00000000ab73b0c0, 0x00000000af010000)
  to   space 85568K,   0% used [0x00000000af010000, 0x00000000af010000, 0x00000000b43a0000)
 concurrent mark-sweep generation total 3273832K, used 1926543K [0x00000000e8000000, 0x00000001afd1a000, 0x0000001878200000)
 Metaspace       used 53289K, capacity 54326K, committed 54448K, reserved 55296K
}
Event: 1725.140 GC heap before
{Heap before GC invocations=5 (full 4):
 par new generation   total 770112K, used 653680K [0x0000000080000000, 0x00000000b43a0000, 0x00000000e8000000)
  eden space 684544K,  91% used [0x0000000080000000, 0x00000000a63a1108, 0x00000000a9c80000)
  from space 85568K,  31% used [0x00000000a9c80000, 0x00000000ab73b0c0, 0x00000000af010000)
  to   space 85568K,   0% used [0x00000000af010000, 0x00000000af010000, 0x00000000b43a0000)
 concurrent mark-sweep generation total 3273832K, used 2869018K [0x00000000e8000000, 0x00000001afd1a000, 0x0000001878200000)
 Metaspace       used 53377K, capacity 54390K, committed 54448K, reserved 55296K
Event: 1725.509 GC heap after
Heap after GC invocations=6 (full 5):
 par new generation   total 770112K, used 0K [0x0000000080000000, 0x00000000b43a0000, 0x00000000e8000000)
  eden space 684544K,   0% used [0x0000000080000000, 0x0000000080000000, 0x00000000a9c80000)
  from space 85568K,   0% used [0x00000000af010000, 0x00000000af010000, 0x00000000b43a0000)
  to   space 85568K,   0% used [0x00000000a9c80000, 0x00000000a9c80000, 0x00000000af010000)
 concurrent mark-sweep generation total 3273832K, used 2888406K [0x00000000e8000000, 0x00000001afd1a000, 0x0000001878200000)
 Metaspace       used 53377K, capacity 54390K, committed 54448K, reserved 55296K
}
Event: 1725.509 GC heap before
{Heap before GC invocations=6 (full 5):
 par new generation   total 770112K, used 0K [0x0000000080000000, 0x00000000b43a0000, 0x00000000e8000000)
  eden space 684544K,   0% used [0x0000000080000000, 0x0000000080000000, 0x00000000a9c80000)
  from space 85568K,   0% used [0x00000000af010000, 0x00000000af010000, 0x00000000b43a0000)
  to   space 85568K,   0% used [0x00000000a9c80000, 0x00000000a9c80000, 0x00000000af010000)
 concurrent mark-sweep generation total 3273832K, used 2888406K [0x00000000e8000000, 0x00000001afd1a000, 0x0000001878200000)
 Metaspace       used 53377K, capacity 54390K, committed 54448K, reserved 55296K
Event: 1725.727 GC heap after
Heap after GC invocations=7 (full 6):
 par new generation   total 770112K, used 0K [0x0000000080000000, 0x00000000b43a0000, 0x00000000e8000000)
  eden space 684544K,   0% used [0x0000000080000000, 0x0000000080000000, 0x00000000a9c80000)
  from space 85568K,   0% used [0x00000000af010000, 0x00000000af010000, 0x00000000b43a0000)
  to   space 85568K,   0% used [0x00000000a9c80000, 0x00000000a9c80000, 0x00000000af010000)
 concurrent mark-sweep generation total 3273832K, used 2882220K [0x00000000e8000000, 0x00000001afd1a000, 0x0000001878200000)
 Metaspace       used 53300K, capacity 54245K, committed 54448K, reserved 55296K
}
Event: 1725.728 GC heap before
{Heap before GC invocations=7 (full 6):
 par new generation   total 770112K, used 14464K [0x0000000080000000, 0x00000000b43a0000, 0x00000000e8000000)
  eden space 684544K,   2% used [0x0000000080000000, 0x0000000080e201c0, 0x00000000a9c80000)
  from space 85568K,   0% used [0x00000000af010000, 0x00000000af010000, 0x00000000b43a0000)
  to   space 85568K,   0% used [0x00000000a9c80000, 0x00000000a9c80000, 0x00000000af010000)
 concurrent mark-sweep generation total 3273832K, used 2882220K [0x00000000e8000000, 0x00000001afd1a000, 0x0000001878200000)
 Metaspace       used 53308K, capacity 54245K, committed 54448K, reserved 55296K
Event: 1725.961 GC heap after
Heap after GC invocations=8 (full 7):
 par new generation   total 770112K, used 0K [0x0000000080000000, 0x00000000b43a0000, 0x00000000e8000000)
  eden space 684544K,   0% used [0x0000000080000000, 0x0000000080000000, 0x00000000a9c80000)
  from space 85568K,   0% used [0x00000000af010000, 0x00000000af010000, 0x00000000b43a0000)
  to   space 85568K,   0% used [0x00000000a9c80000, 0x00000000a9c80000, 0x00000000af010000)
 concurrent mark-sweep generation total 3273832K, used 2882174K [0x00000000e8000000, 0x00000001afd1a000, 0x0000001878200000)
 Metaspace       used 53308K, capacity 54245K, committed 54448K, reserved 55296K
}

