# JRE version: OpenJDK Runtime Environment (Zulu 8.60.0.21-CA-win64) (8.0_322-b06) (build 1.8.0_322-b06)
# Java VM: OpenJDK 64-Bit Server VM (25.322-b06 mixed mode windows-amd64 )
Heap:
 par new generation   total 768640K, used 480991K [0x0000000080000000, 0x00000000b4200000, 0x00000000e8000000)
  eden space 683264K,  65% used [0x0000000080000000, 0x000000009b3c0250, 0x00000000a9b40000)
  from space 85376K,  40% used [0x00000000a9b40000, 0x00000000abd379b0, 0x00000000aeea0000)
  to   space 85376K,   0% used [0x00000000aeea0000, 0x00000000aeea0000, 0x00000000b4200000)
 concurrent mark-sweep generation total 3249736K, used 1912151K [0x00000000e8000000, 0x00000001ae592000, 0x0000001878200000)
 Metaspace       used 50211K, capacity 51088K, committed 51204K, reserved 53248K
GC Heap History (10 events):
Event: 2282.511 GC heap before
{Heap before GC invocations=3 (full 4):
 par new generation   total 768640K, used 717195K [0x0000000080000000, 0x00000000b4200000, 0x00000000e8000000)
  eden space 683264K, 100% used [0x0000000080000000, 0x00000000a9b40000, 0x00000000a9b40000)
  from space 85376K,  39% used [0x00000000aeea0000, 0x00000000b0fc2d48, 0x00000000b4200000)
  to   space 85376K,   0% used [0x00000000a9b40000, 0x00000000a9b40000, 0x00000000aeea0000)
 concurrent mark-sweep generation total 3249736K, used 1912151K [0x00000000e8000000, 0x00000001ae592000, 0x0000001878200000)
 Metaspace       used 50207K, capacity 51088K, committed 51204K, reserved 53248K
Event: 2282.520 GC heap after
Heap after GC invocations=4 (full 4):
 par new generation   total 768640K, used 31458K [0x0000000080000000, 0x00000000b4200000, 0x00000000e8000000)
  eden space 683264K,   0% used [0x0000000080000000, 0x0000000080000000, 0x00000000a9b40000)
  from space 85376K,  36% used [0x00000000a9b40000, 0x00000000ab9f8b00, 0x00000000aeea0000)
  to   space 85376K,   0% used [0x00000000aeea0000, 0x00000000aeea0000, 0x00000000b4200000)
 concurrent mark-sweep generation total 3249736K, used 1912151K [0x00000000e8000000, 0x00000001ae592000, 0x0000001878200000)
 Metaspace       used 50207K, capacity 51088K, committed 51204K, reserved 53248K
}
Event: 2773.383 GC heap before
{Heap before GC invocations=4 (full 4):
 par new generation   total 768640K, used 714722K [0x0000000080000000, 0x00000000b4200000, 0x00000000e8000000)
  eden space 683264K, 100% used [0x0000000080000000, 0x00000000a9b40000, 0x00000000a9b40000)
  from space 85376K,  36% used [0x00000000a9b40000, 0x00000000ab9f8b00, 0x00000000aeea0000)
  to   space 85376K,   0% used [0x00000000aeea0000, 0x00000000aeea0000, 0x00000000b4200000)
 concurrent mark-sweep generation total 3249736K, used 1912151K [0x00000000e8000000, 0x00000001ae592000, 0x0000001878200000)
 Metaspace       used 50207K, capacity 51088K, committed 51204K, reserved 53248K
Event: 2773.385 GC heap after
Heap after GC invocations=5 (full 4):
 par new generation   total 768640K, used 28271K [0x0000000080000000, 0x00000000b4200000, 0x00000000e8000000)
  eden space 683264K,   0% used [0x0000000080000000, 0x0000000080000000, 0x00000000a9b40000)
  from space 85376K,  33% used [0x00000000aeea0000, 0x00000000b0a3bdf0, 0x00000000b4200000)
  to   space 85376K,   0% used [0x00000000a9b40000, 0x00000000a9b40000, 0x00000000aeea0000)
 concurrent mark-sweep generation total 3249736K, used 1912151K [0x00000000e8000000, 0x00000001ae592000, 0x0000001878200000)
 Metaspace       used 50207K, capacity 51088K, committed 51204K, reserved 53248K
}
Event: 3111.723 GC heap before
{Heap before GC invocations=5 (full 4):
 par new generation   total 768640K, used 711535K [0x0000000080000000, 0x00000000b4200000, 0x00000000e8000000)
  eden space 683264K, 100% used [0x0000000080000000, 0x00000000a9b40000, 0x00000000a9b40000)
  from space 85376K,  33% used [0x00000000aeea0000, 0x00000000b0a3bdf0, 0x00000000b4200000)
  to   space 85376K,   0% used [0x00000000a9b40000, 0x00000000a9b40000, 0x00000000aeea0000)
 concurrent mark-sweep generation total 3249736K, used 1912151K [0x00000000e8000000, 0x00000001ae592000, 0x0000001878200000)
 Metaspace       used 50207K, capacity 51088K, committed 51204K, reserved 53248K
Event: 3111.725 GC heap after
Heap after GC invocations=6 (full 4):
 par new generation   total 768640K, used 34544K [0x0000000080000000, 0x00000000b4200000, 0x00000000e8000000)
  eden space 683264K,   0% used [0x0000000080000000, 0x0000000080000000, 0x00000000a9b40000)
  from space 85376K,  40% used [0x00000000a9b40000, 0x00000000abcfc040, 0x00000000aeea0000)
  to   space 85376K,   0% used [0x00000000aeea0000, 0x00000000aeea0000, 0x00000000b4200000)
 concurrent mark-sweep generation total 3249736K, used 1912151K [0x00000000e8000000, 0x00000001ae592000, 0x0000001878200000)
 Metaspace       used 50207K, capacity 51088K, committed 51204K, reserved 53248K
}
Event: 3346.804 GC heap before
{Heap before GC invocations=6 (full 4):
 par new generation   total 768640K, used 717808K [0x0000000080000000, 0x00000000b4200000, 0x00000000e8000000)
  eden space 683264K, 100% used [0x0000000080000000, 0x00000000a9b40000, 0x00000000a9b40000)
  from space 85376K,  40% used [0x00000000a9b40000, 0x00000000abcfc040, 0x00000000aeea0000)
  to   space 85376K,   0% used [0x00000000aeea0000, 0x00000000aeea0000, 0x00000000b4200000)
 concurrent mark-sweep generation total 3249736K, used 1912151K [0x00000000e8000000, 0x00000001ae592000, 0x0000001878200000)
 Metaspace       used 50211K, capacity 51088K, committed 51204K, reserved 53248K
Event: 3346.806 GC heap after
Heap after GC invocations=7 (full 4):
 par new generation   total 768640K, used 31262K [0x0000000080000000, 0x00000000b4200000, 0x00000000e8000000)
  eden space 683264K,   0% used [0x0000000080000000, 0x0000000080000000, 0x00000000a9b40000)
  from space 85376K,  36% used [0x00000000aeea0000, 0x00000000b0d278b0, 0x00000000b4200000)
  to   space 85376K,   0% used [0x00000000a9b40000, 0x00000000a9b40000, 0x00000000aeea0000)
 concurrent mark-sweep generation total 3249736K, used 1912151K [0x00000000e8000000, 0x00000001ae592000, 0x0000001878200000)
 Metaspace       used 50211K, capacity 51088K, committed 51204K, reserved 53248K
}
Event: 3587.155 GC heap before
{Heap before GC invocations=7 (full 4):
 par new generation   total 768640K, used 714526K [0x0000000080000000, 0x00000000b4200000, 0x00000000e8000000)
  eden space 683264K, 100% used [0x0000000080000000, 0x00000000a9b40000, 0x00000000a9b40000)
  from space 85376K,  36% used [0x00000000aeea0000, 0x00000000b0d278b0, 0x00000000b4200000)
  to   space 85376K,   0% used [0x00000000a9b40000, 0x00000000a9b40000, 0x00000000aeea0000)
 concurrent mark-sweep generation total 3249736K, used 1912151K [0x00000000e8000000, 0x00000001ae592000, 0x0000001878200000)
 Metaspace       used 50211K, capacity 51088K, committed 51204K, reserved 53248K
Event: 3587.157 GC heap after
Heap after GC invocations=8 (full 4):
 par new generation   total 768640K, used 34782K [0x0000000080000000, 0x00000000b4200000, 0x00000000e8000000)
  eden space 683264K,   0% used [0x0000000080000000, 0x0000000080000000, 0x00000000a9b40000)
  from space 85376K,  40% used [0x00000000a9b40000, 0x00000000abd379b0, 0x00000000aeea0000)
  to   space 85376K,   0% used [0x00000000aeea0000, 0x00000000aeea0000, 0x00000000b4200000)
 concurrent mark-sweep generation total 3249736K, used 1912151K [0x00000000e8000000, 0x00000001ae592000, 0x0000001878200000)
 Metaspace       used 50211K, capacity 51088K, committed 51204K, reserved 53248K
}

