# JRE version: OpenJDK Runtime Environment (Zulu 8.60.0.21-CA-win64) (8.0_322-b06) (build 1.8.0_322-b06)
# Java VM: OpenJDK 64-Bit Server VM (25.322-b06 mixed mode windows-amd64 )
Heap:
 par new generation   total 1286720K, used 0K [0x0000000080000000, 0x00000000d7420000, 0x00000000e8000000)
  eden space 1143808K,   0% used [0x0000000080000000, 0x0000000080000000, 0x00000000c5d00000)
  from space 142912K,   0% used [0x00000000c5d00000, 0x00000000c5d00000, 0x00000000ce890000)
  to   space 142912K,   0% used [0x00000000ce890000, 0x00000000ce890000, 0x00000000d7420000)
 concurrent mark-sweep generation total 2859188K, used 2510243K [0x00000000e8000000, 0x000000019682d000, 0x0000001878200000)
 Metaspace       used 53632K, capacity 54644K, committed 55064K, reserved 57344K
GC Heap History (10 events):
Event: 3495.176 GC heap after
Heap after GC invocations=7 (full 6):
 par new generation   total 671616K, used 22485K [0x0000000080000000, 0x00000000ad8b0000, 0x00000000e8000000)
  eden space 597056K,   0% used [0x0000000080000000, 0x0000000080000000, 0x00000000a4710000)
  from space 74560K,  30% used [0x00000000a4710000, 0x00000000a5d05750, 0x00000000a8fe0000)
  to   space 74560K,   0% used [0x00000000a8fe0000, 0x00000000a8fe0000, 0x00000000ad8b0000)
 concurrent mark-sweep generation total 2859188K, used 1682691K [0x00000000e8000000, 0x000000019682d000, 0x0000001878200000)
 Metaspace       used 53622K, capacity 54661K, committed 54808K, reserved 57344K
}
Event: 3779.830 GC heap before
{Heap before GC invocations=7 (full 7):
 par new generation   total 671616K, used 619541K [0x0000000080000000, 0x00000000ad8b0000, 0x00000000e8000000)
  eden space 597056K, 100% used [0x0000000080000000, 0x00000000a4710000, 0x00000000a4710000)
  from space 74560K,  30% used [0x00000000a4710000, 0x00000000a5d05750, 0x00000000a8fe0000)
  to   space 74560K,   0% used [0x00000000a8fe0000, 0x00000000a8fe0000, 0x00000000ad8b0000)
 concurrent mark-sweep generation total 2859188K, used 1682691K [0x00000000e8000000, 0x000000019682d000, 0x0000001878200000)
 Metaspace       used 53622K, capacity 54661K, committed 54808K, reserved 57344K
Event: 3779.832 GC heap after
Heap after GC invocations=8 (full 7):
 par new generation   total 671616K, used 16613K [0x0000000080000000, 0x00000000ad8b0000, 0x00000000e8000000)
  eden space 597056K,   0% used [0x0000000080000000, 0x0000000080000000, 0x00000000a4710000)
  from space 74560K,  22% used [0x00000000a8fe0000, 0x00000000aa0196c0, 0x00000000ad8b0000)
  to   space 74560K,   0% used [0x00000000a4710000, 0x00000000a4710000, 0x00000000a8fe0000)
 concurrent mark-sweep generation total 2859188K, used 1682691K [0x00000000e8000000, 0x000000019682d000, 0x0000001878200000)
 Metaspace       used 53622K, capacity 54661K, committed 54808K, reserved 57344K
}
Event: 4077.085 GC heap before
{Heap before GC invocations=8 (full 8):
 par new generation   total 671616K, used 613669K [0x0000000080000000, 0x00000000ad8b0000, 0x00000000e8000000)
  eden space 597056K, 100% used [0x0000000080000000, 0x00000000a4710000, 0x00000000a4710000)
  from space 74560K,  22% used [0x00000000a8fe0000, 0x00000000aa0196c0, 0x00000000ad8b0000)
  to   space 74560K,   0% used [0x00000000a4710000, 0x00000000a4710000, 0x00000000a8fe0000)
 concurrent mark-sweep generation total 2859188K, used 1682691K [0x00000000e8000000, 0x000000019682d000, 0x0000001878200000)
 Metaspace       used 53626K, capacity 54661K, committed 54808K, reserved 57344K
Event: 4077.088 GC heap after
Heap after GC invocations=9 (full 8):
 par new generation   total 671616K, used 20514K [0x0000000080000000, 0x00000000ad8b0000, 0x00000000e8000000)
  eden space 597056K,   0% used [0x0000000080000000, 0x0000000080000000, 0x00000000a4710000)
  from space 74560K,  27% used [0x00000000a4710000, 0x00000000a5b18bd0, 0x00000000a8fe0000)
  to   space 74560K,   0% used [0x00000000a8fe0000, 0x00000000a8fe0000, 0x00000000ad8b0000)
 concurrent mark-sweep generation total 2859188K, used 1682691K [0x00000000e8000000, 0x000000019682d000, 0x0000001878200000)
 Metaspace       used 53626K, capacity 54661K, committed 54808K, reserved 57344K
}
Event: 4190.701 GC heap before
{Heap before GC invocations=9 (full 9):
 par new generation   total 671616K, used 239710K [0x0000000080000000, 0x00000000ad8b0000, 0x00000000e8000000)
  eden space 597056K,  36% used [0x0000000080000000, 0x000000008d60edd8, 0x00000000a4710000)
  from space 74560K,  27% used [0x00000000a4710000, 0x00000000a5b18bd0, 0x00000000a8fe0000)
  to   space 74560K,   0% used [0x00000000a8fe0000, 0x00000000a8fe0000, 0x00000000ad8b0000)
 concurrent mark-sweep generation total 2859188K, used 2503060K [0x00000000e8000000, 0x000000019682d000, 0x0000001878200000)
 Metaspace       used 53702K, capacity 54725K, committed 54808K, reserved 57344K
Event: 4192.240 GC heap after
Heap after GC invocations=10 (full 10):
 par new generation   total 671616K, used 0K [0x0000000080000000, 0x00000000ad8b0000, 0x00000000e8000000)
  eden space 597056K,   0% used [0x0000000080000000, 0x0000000080000000, 0x00000000a4710000)
  from space 74560K,   0% used [0x00000000a8fe0000, 0x00000000a8fe0000, 0x00000000ad8b0000)
  to   space 74560K,   0% used [0x00000000a4710000, 0x00000000a4710000, 0x00000000a8fe0000)
 concurrent mark-sweep generation total 2859188K, used 2516474K [0x00000000e8000000, 0x000000019682d000, 0x0000001878200000)
 Metaspace       used 53702K, capacity 54725K, committed 54808K, reserved 57344K
}
Event: 4192.240 GC heap before
{Heap before GC invocations=10 (full 10):
 par new generation   total 671616K, used 0K [0x0000000080000000, 0x00000000ad8b0000, 0x00000000e8000000)
  eden space 597056K,   0% used [0x0000000080000000, 0x0000000080000000, 0x00000000a4710000)
  from space 74560K,   0% used [0x00000000a8fe0000, 0x00000000a8fe0000, 0x00000000ad8b0000)
  to   space 74560K,   0% used [0x00000000a4710000, 0x00000000a4710000, 0x00000000a8fe0000)
 concurrent mark-sweep generation total 2859188K, used 2516474K [0x00000000e8000000, 0x000000019682d000, 0x0000001878200000)
 Metaspace       used 53702K, capacity 54725K, committed 54808K, reserved 57344K
Event: 4192.501 GC heap after
Heap after GC invocations=11 (full 11):
 par new generation   total 671616K, used 0K [0x0000000080000000, 0x00000000ad8b0000, 0x00000000e8000000)
  eden space 597056K,   0% used [0x0000000080000000, 0x0000000080000000, 0x00000000a4710000)
  from space 74560K,   0% used [0x00000000a8fe0000, 0x00000000a8fe0000, 0x00000000ad8b0000)
  to   space 74560K,   0% used [0x00000000a4710000, 0x00000000a4710000, 0x00000000a8fe0000)
 concurrent mark-sweep generation total 2859188K, used 2510287K [0x00000000e8000000, 0x000000019682d000, 0x0000001878200000)
 Metaspace       used 53625K, capacity 54580K, committed 54808K, reserved 57344K
}
Event: 4192.505 GC heap before
{Heap before GC invocations=11 (full 11):
 par new generation   total 671616K, used 12246K [0x0000000080000000, 0x00000000ad8b0000, 0x00000000e8000000)
  eden space 597056K,   2% used [0x0000000080000000, 0x0000000080bf59c8, 0x00000000a4710000)
  from space 74560K,   0% used [0x00000000a8fe0000, 0x00000000a8fe0000, 0x00000000ad8b0000)
  to   space 74560K,   0% used [0x00000000a4710000, 0x00000000a4710000, 0x00000000a8fe0000)
 concurrent mark-sweep generation total 2859188K, used 2510287K [0x00000000e8000000, 0x000000019682d000, 0x0000001878200000)
 Metaspace       used 53632K, capacity 54644K, committed 55064K, reserved 57344K

