# JRE version: OpenJDK Runtime Environment (Zulu 8.60.0.21-CA-win64) (8.0_322-b06) (build 1.8.0_322-b06)
# Java VM: OpenJDK 64-Bit Server VM (25.322-b06 mixed mode windows-amd64 )
Heap:
 par new generation   total 680832K, used 52763K [0x0000000080000000, 0x00000000ae2c0000, 0x00000000e8000000)
  eden space 605184K,   8% used [0x0000000080000000, 0x0000000083386f60, 0x00000000a4f00000)
  from space 75648K,   0% used [0x00000000a4f00000, 0x00000000a4f00000, 0x00000000a98e0000)
  to   space 75648K,   0% used [0x00000000a98e0000, 0x00000000a98e0000, 0x00000000ae2c0000)
 concurrent mark-sweep generation total 2879292K, used 2528969K [0x00000000e8000000, 0x0000000197bcf000, 0x0000001878200000)
 Metaspace       used 50257K, capacity 51051K, committed 51460K, reserved 53248K
GC Heap History (10 events):
Event: 3181.642 GC heap before
{Heap before GC invocations=7 (full 4):
 par new generation   total 680832K, used 636752K [0x0000000080000000, 0x00000000ae2c0000, 0x00000000e8000000)
  eden space 605184K, 100% used [0x0000000080000000, 0x00000000a4f00000, 0x00000000a4f00000)
  from space 75648K,  41% used [0x00000000a98e0000, 0x00000000ab7b42a0, 0x00000000ae2c0000)
  to   space 75648K,   0% used [0x00000000a4f00000, 0x00000000a4f00000, 0x00000000a98e0000)
 concurrent mark-sweep generation total 2879292K, used 1687129K [0x00000000e8000000, 0x0000000197bcf000, 0x0000001878200000)
 Metaspace       used 50253K, capacity 51152K, committed 51204K, reserved 53248K
Event: 3181.645 GC heap after
Heap after GC invocations=8 (full 4):
 par new generation   total 680832K, used 31596K [0x0000000080000000, 0x00000000ae2c0000, 0x00000000e8000000)
  eden space 605184K,   0% used [0x0000000080000000, 0x0000000080000000, 0x00000000a4f00000)
  from space 75648K,  41% used [0x00000000a4f00000, 0x00000000a6ddb3f8, 0x00000000a98e0000)
  to   space 75648K,   0% used [0x00000000a98e0000, 0x00000000a98e0000, 0x00000000ae2c0000)
 concurrent mark-sweep generation total 2879292K, used 1687129K [0x00000000e8000000, 0x0000000197bcf000, 0x0000001878200000)
 Metaspace       used 50253K, capacity 51152K, committed 51204K, reserved 53248K
}
Event: 3448.095 GC heap before
{Heap before GC invocations=8 (full 4):
 par new generation   total 680832K, used 636780K [0x0000000080000000, 0x00000000ae2c0000, 0x00000000e8000000)
  eden space 605184K, 100% used [0x0000000080000000, 0x00000000a4f00000, 0x00000000a4f00000)
  from space 75648K,  41% used [0x00000000a4f00000, 0x00000000a6ddb3f8, 0x00000000a98e0000)
  to   space 75648K,   0% used [0x00000000a98e0000, 0x00000000a98e0000, 0x00000000ae2c0000)
 concurrent mark-sweep generation total 2879292K, used 1687129K [0x00000000e8000000, 0x0000000197bcf000, 0x0000001878200000)
 Metaspace       used 50253K, capacity 51152K, committed 51204K, reserved 53248K
Event: 3448.122 GC heap after
Heap after GC invocations=9 (full 4):
 par new generation   total 680832K, used 20419K [0x0000000080000000, 0x00000000ae2c0000, 0x00000000e8000000)
  eden space 605184K,   0% used [0x0000000080000000, 0x0000000080000000, 0x00000000a4f00000)
  from space 75648K,  26% used [0x00000000a98e0000, 0x00000000aacd0f60, 0x00000000ae2c0000)
  to   space 75648K,   0% used [0x00000000a4f00000, 0x00000000a4f00000, 0x00000000a98e0000)
 concurrent mark-sweep generation total 2879292K, used 1708144K [0x00000000e8000000, 0x0000000197bcf000, 0x0000001878200000)
 Metaspace       used 50253K, capacity 51152K, committed 51204K, reserved 53248K
}
Event: 3488.303 GC heap before
{Heap before GC invocations=9 (full 4):
 par new generation   total 680832K, used 104277K [0x0000000080000000, 0x00000000ae2c0000, 0x00000000e8000000)
  eden space 605184K,  13% used [0x0000000080000000, 0x00000000851e4690, 0x00000000a4f00000)
  from space 75648K,  26% used [0x00000000a98e0000, 0x00000000aacd0f60, 0x00000000ae2c0000)
  to   space 75648K,   0% used [0x00000000a4f00000, 0x00000000a4f00000, 0x00000000a98e0000)
 concurrent mark-sweep generation total 2879292K, used 2535022K [0x00000000e8000000, 0x0000000197bcf000, 0x0000001878200000)
 Metaspace       used 50328K, capacity 51216K, committed 51460K, reserved 53248K
Event: 3490.382 GC heap after
Heap after GC invocations=10 (full 5):
 par new generation   total 680832K, used 0K [0x0000000080000000, 0x00000000ae2c0000, 0x00000000e8000000)
  eden space 605184K,   0% used [0x0000000080000000, 0x0000000080000000, 0x00000000a4f00000)
  from space 75648K,   0% used [0x00000000a4f00000, 0x00000000a4f00000, 0x00000000a98e0000)
  to   space 75648K,   0% used [0x00000000a98e0000, 0x00000000a98e0000, 0x00000000ae2c0000)
 concurrent mark-sweep generation total 2879292K, used 2534477K [0x00000000e8000000, 0x0000000197bcf000, 0x0000001878200000)
 Metaspace       used 50328K, capacity 51216K, committed 51460K, reserved 53248K
}
Event: 3490.382 GC heap before
{Heap before GC invocations=10 (full 5):
 par new generation   total 680832K, used 0K [0x0000000080000000, 0x00000000ae2c0000, 0x00000000e8000000)
  eden space 605184K,   0% used [0x0000000080000000, 0x0000000080000000, 0x00000000a4f00000)
  from space 75648K,   0% used [0x00000000a4f00000, 0x00000000a4f00000, 0x00000000a98e0000)
  to   space 75648K,   0% used [0x00000000a98e0000, 0x00000000a98e0000, 0x00000000ae2c0000)
 concurrent mark-sweep generation total 2879292K, used 2534477K [0x00000000e8000000, 0x0000000197bcf000, 0x0000001878200000)
 Metaspace       used 50328K, capacity 51216K, committed 51460K, reserved 53248K
Event: 3490.609 GC heap after
Heap after GC invocations=11 (full 6):
 par new generation   total 680832K, used 0K [0x0000000080000000, 0x00000000ae2c0000, 0x00000000e8000000)
  eden space 605184K,   0% used [0x0000000080000000, 0x0000000080000000, 0x00000000a4f00000)
  from space 75648K,   0% used [0x00000000a4f00000, 0x00000000a4f00000, 0x00000000a98e0000)
  to   space 75648K,   0% used [0x00000000a98e0000, 0x00000000a98e0000, 0x00000000ae2c0000)
 concurrent mark-sweep generation total 2879292K, used 2529015K [0x00000000e8000000, 0x0000000197bcf000, 0x0000001878200000)
 Metaspace       used 50236K, capacity 51051K, committed 51460K, reserved 53248K
}
Event: 3490.624 GC heap before
{Heap before GC invocations=11 (full 7):
 par new generation   total 680832K, used 12227K [0x0000000080000000, 0x00000000ae2c0000, 0x00000000e8000000)
  eden space 605184K,   2% used [0x0000000080000000, 0x0000000080bf0e20, 0x00000000a4f00000)
  from space 75648K,   0% used [0x00000000a4f00000, 0x00000000a4f00000, 0x00000000a98e0000)
  to   space 75648K,   0% used [0x00000000a98e0000, 0x00000000a98e0000, 0x00000000ae2c0000)
 concurrent mark-sweep generation total 2879292K, used 2529015K [0x00000000e8000000, 0x0000000197bcf000, 0x0000001878200000)
 Metaspace       used 50244K, capacity 51051K, committed 51460K, reserved 53248K
Event: 3490.853 GC heap after
Heap after GC invocations=12 (full 8):
 par new generation   total 680832K, used 0K [0x0000000080000000, 0x00000000ae2c0000, 0x00000000e8000000)
  eden space 605184K,   0% used [0x0000000080000000, 0x0000000080000000, 0x00000000a4f00000)
  from space 75648K,   0% used [0x00000000a4f00000, 0x00000000a4f00000, 0x00000000a98e0000)
  to   space 75648K,   0% used [0x00000000a98e0000, 0x00000000a98e0000, 0x00000000ae2c0000)
 concurrent mark-sweep generation total 2879292K, used 2528969K [0x00000000e8000000, 0x0000000197bcf000, 0x0000001878200000)
 Metaspace       used 50244K, capacity 51051K, committed 51460K, reserved 53248K
}

