# JRE version: OpenJDK Runtime Environment (Zulu 8.60.0.21-CA-win64) (8.0_322-b06) (build 1.8.0_322-b06)
# Java VM: OpenJDK 64-Bit Server VM (25.322-b06 mixed mode windows-amd64 )
Heap:
 par new generation   total 712512K, used 53789K [0x0000000080000000, 0x00000000b0510000, 0x00000000e8000000)
  eden space 633408K,   8% used [0x0000000080000000, 0x00000000834876d8, 0x00000000a6a90000)
  from space 79104K,   0% used [0x00000000a6a90000, 0x00000000a6a90000, 0x00000000ab7d0000)
  to   space 79104K,   0% used [0x00000000ab7d0000, 0x00000000ab7d0000, 0x00000000b0510000)
 concurrent mark-sweep generation total 3004996K, used 2644890K [0x00000000e8000000, 0x000000019f691000, 0x0000001878200000)
 Metaspace       used 50233K, capacity 51051K, committed 51460K, reserved 53248K
GC Heap History (10 events):
Event: 2598.020 GC heap before
{Heap before GC invocations=5 (full 4):
 par new generation   total 712512K, used 654559K [0x0000000080000000, 0x00000000b0510000, 0x00000000e8000000)
  eden space 633408K, 100% used [0x0000000080000000, 0x00000000a6a90000, 0x00000000a6a90000)
  from space 79104K,  26% used [0x00000000ab7d0000, 0x00000000acc77d10, 0x00000000b0510000)
  to   space 79104K,   0% used [0x00000000a6a90000, 0x00000000a6a90000, 0x00000000ab7d0000)
 concurrent mark-sweep generation total 3004996K, used 1768194K [0x00000000e8000000, 0x000000019f691000, 0x0000001878200000)
 Metaspace       used 50221K, capacity 51152K, committed 51204K, reserved 53248K
Event: 2598.022 GC heap after
Heap after GC invocations=6 (full 4):
 par new generation   total 712512K, used 24902K [0x0000000080000000, 0x00000000b0510000, 0x00000000e8000000)
  eden space 633408K,   0% used [0x0000000080000000, 0x0000000080000000, 0x00000000a6a90000)
  from space 79104K,  31% used [0x00000000a6a90000, 0x00000000a82e1b80, 0x00000000ab7d0000)
  to   space 79104K,   0% used [0x00000000ab7d0000, 0x00000000ab7d0000, 0x00000000b0510000)
 concurrent mark-sweep generation total 3004996K, used 1768194K [0x00000000e8000000, 0x000000019f691000, 0x0000001878200000)
 Metaspace       used 50221K, capacity 51152K, committed 51204K, reserved 53248K
}
Event: 2888.803 GC heap before
{Heap before GC invocations=6 (full 4):
 par new generation   total 712512K, used 658310K [0x0000000080000000, 0x00000000b0510000, 0x00000000e8000000)
  eden space 633408K, 100% used [0x0000000080000000, 0x00000000a6a90000, 0x00000000a6a90000)
  from space 79104K,  31% used [0x00000000a6a90000, 0x00000000a82e1b80, 0x00000000ab7d0000)
  to   space 79104K,   0% used [0x00000000ab7d0000, 0x00000000ab7d0000, 0x00000000b0510000)
 concurrent mark-sweep generation total 3004996K, used 1768194K [0x00000000e8000000, 0x000000019f691000, 0x0000001878200000)
 Metaspace       used 50221K, capacity 51152K, committed 51204K, reserved 53248K
Event: 2888.805 GC heap after
Heap after GC invocations=7 (full 4):
 par new generation   total 712512K, used 18826K [0x0000000080000000, 0x00000000b0510000, 0x00000000e8000000)
  eden space 633408K,   0% used [0x0000000080000000, 0x0000000080000000, 0x00000000a6a90000)
  from space 79104K,  23% used [0x00000000ab7d0000, 0x00000000aca32ac0, 0x00000000b0510000)
  to   space 79104K,   0% used [0x00000000a6a90000, 0x00000000a6a90000, 0x00000000ab7d0000)
 concurrent mark-sweep generation total 3004996K, used 1768194K [0x00000000e8000000, 0x000000019f691000, 0x0000001878200000)
 Metaspace       used 50221K, capacity 51152K, committed 51204K, reserved 53248K
}
Event: 3031.623 GC heap before
{Heap before GC invocations=7 (full 4):
 par new generation   total 712512K, used 309762K [0x0000000080000000, 0x00000000b0510000, 0x00000000e8000000)
  eden space 633408K,  45% used [0x0000000080000000, 0x0000000091c1df00, 0x00000000a6a90000)
  from space 79104K,  23% used [0x00000000ab7d0000, 0x00000000aca32ac0, 0x00000000b0510000)
  to   space 79104K,   0% used [0x00000000a6a90000, 0x00000000a6a90000, 0x00000000ab7d0000)
 concurrent mark-sweep generation total 3004996K, used 2635604K [0x00000000e8000000, 0x000000019f691000, 0x0000001878200000)
 Metaspace       used 50303K, capacity 51216K, committed 51460K, reserved 53248K
Event: 3032.191 GC heap after
Heap after GC invocations=8 (full 5):
 par new generation   total 712512K, used 0K [0x0000000080000000, 0x00000000b0510000, 0x00000000e8000000)
  eden space 633408K,   0% used [0x0000000080000000, 0x0000000080000000, 0x00000000a6a90000)
  from space 79104K,   0% used [0x00000000a6a90000, 0x00000000a6a90000, 0x00000000ab7d0000)
  to   space 79104K,   0% used [0x00000000ab7d0000, 0x00000000ab7d0000, 0x00000000b0510000)
 concurrent mark-sweep generation total 3004996K, used 2650405K [0x00000000e8000000, 0x000000019f691000, 0x0000001878200000)
 Metaspace       used 50303K, capacity 51216K, committed 51460K, reserved 53248K
}
Event: 3032.191 GC heap before
{Heap before GC invocations=8 (full 5):
 par new generation   total 712512K, used 0K [0x0000000080000000, 0x00000000b0510000, 0x00000000e8000000)
  eden space 633408K,   0% used [0x0000000080000000, 0x0000000080000000, 0x00000000a6a90000)
  from space 79104K,   0% used [0x00000000a6a90000, 0x00000000a6a90000, 0x00000000ab7d0000)
  to   space 79104K,   0% used [0x00000000ab7d0000, 0x00000000ab7d0000, 0x00000000b0510000)
 concurrent mark-sweep generation total 3004996K, used 2650405K [0x00000000e8000000, 0x000000019f691000, 0x0000001878200000)
 Metaspace       used 50303K, capacity 51216K, committed 51460K, reserved 53248K
Event: 3032.405 GC heap after
Heap after GC invocations=9 (full 6):
 par new generation   total 712512K, used 0K [0x0000000080000000, 0x00000000b0510000, 0x00000000e8000000)
  eden space 633408K,   0% used [0x0000000080000000, 0x0000000080000000, 0x00000000a6a90000)
  from space 79104K,   0% used [0x00000000a6a90000, 0x00000000a6a90000, 0x00000000ab7d0000)
  to   space 79104K,   0% used [0x00000000ab7d0000, 0x00000000ab7d0000, 0x00000000b0510000)
 concurrent mark-sweep generation total 3004996K, used 2644944K [0x00000000e8000000, 0x000000019f691000, 0x0000001878200000)
 Metaspace       used 50211K, capacity 51051K, committed 51460K, reserved 53248K
}
Event: 3032.406 GC heap before
{Heap before GC invocations=9 (full 6):
 par new generation   total 712512K, used 12481K [0x0000000080000000, 0x00000000b0510000, 0x00000000e8000000)
  eden space 633408K,   1% used [0x0000000080000000, 0x0000000080c30510, 0x00000000a6a90000)
  from space 79104K,   0% used [0x00000000a6a90000, 0x00000000a6a90000, 0x00000000ab7d0000)
  to   space 79104K,   0% used [0x00000000ab7d0000, 0x00000000ab7d0000, 0x00000000b0510000)
 concurrent mark-sweep generation total 3004996K, used 2644944K [0x00000000e8000000, 0x000000019f691000, 0x0000001878200000)
 Metaspace       used 50220K, capacity 51051K, committed 51460K, reserved 53248K
Event: 3032.622 GC heap after
Heap after GC invocations=10 (full 7):
 par new generation   total 712512K, used 0K [0x0000000080000000, 0x00000000b0510000, 0x00000000e8000000)
  eden space 633408K,   0% used [0x0000000080000000, 0x0000000080000000, 0x00000000a6a90000)
  from space 79104K,   0% used [0x00000000a6a90000, 0x00000000a6a90000, 0x00000000ab7d0000)
  to   space 79104K,   0% used [0x00000000ab7d0000, 0x00000000ab7d0000, 0x00000000b0510000)
 concurrent mark-sweep generation total 3004996K, used 2644897K [0x00000000e8000000, 0x000000019f691000, 0x0000001878200000)
 Metaspace       used 50220K, capacity 51051K, committed 51460K, reserved 53248K
}

